# JRE version: OpenJDK Runtime Environment (11.0.20+8) (build 11.0.20+8-post-Debian-1deb11u1)
# Java VM: OpenJDK 64-Bit Server VM (11.0.20+8-post-Debian-1deb11u1, mixed mode, sharing, tiered, compressed oops, g1 gc, linux-amd64)
Heap:
 garbage-first heap   total 679936K, used 143760K [0x000000060a400000, 0x0000000800000000)
  region size 2048K, 65 young (133120K), 2 survivors (4096K)
 Metaspace       used 20297K, capacity 20612K, committed 20864K, reserved 1069056K
  class space    used 2034K, capacity 2148K, committed 2176K, reserved 1048576K
GC Heap History (10 events):
Event: 0.315 GC heap before
{Heap before GC invocations=0 (full 0):
 garbage-first heap   total 518144K, used 23248K [0x000000060a400000, 0x0000000800000000)
  region size 2048K, 12 young (24576K), 0 survivors (0K)
 Metaspace       used 2475K, capacity 5190K, committed 5376K, reserved 1056768K
  class space    used 245K, capacity 501K, committed 512K, reserved 1048576K
}
Event: 0.327 GC heap after
{Heap after GC invocations=1 (full 0):
 garbage-first heap   total 518144K, used 13393K [0x000000060a400000, 0x0000000800000000)
  region size 2048K, 2 young (4096K), 2 survivors (4096K)
 Metaspace       used 2475K, capacity 5190K, committed 5376K, reserved 1056768K
  class space    used 245K, capacity 501K, committed 512K, reserved 1048576K
}
Event: 0.593 GC heap before
{Heap before GC invocations=1 (full 0):
 garbage-first heap   total 518144K, used 31825K [0x000000060a400000, 0x0000000800000000)
  region size 2048K, 12 young (24576K), 2 survivors (4096K)
 Metaspace       used 6315K, capacity 7903K, committed 8064K, reserved 1056768K
  class space    used 655K, capacity 812K, committed 896K, reserved 1048576K
}
Event: 0.600 GC heap after
{Heap after GC invocations=2 (full 0):
 garbage-first heap   total 518144K, used 14739K [0x000000060a400000, 0x0000000800000000)
  region size 2048K, 1 young (2048K), 1 survivors (2048K)
 Metaspace       used 6315K, capacity 7903K, committed 8064K, reserved 1056768K
  class space    used 655K, capacity 812K, committed 896K, reserved 1048576K
}
Event: 0.832 GC heap before
{Heap before GC invocations=2 (full 0):
 garbage-first heap   total 518144K, used 45459K [0x000000060a400000, 0x0000000800000000)
  region size 2048K, 16 young (32768K), 1 survivors (2048K)
 Metaspace       used 10266K, capacity 11138K, committed 11520K, reserved 1058816K
  class space    used 1070K, capacity 1192K, committed 1280K, reserved 1048576K
}
Event: 0.835 GC heap after
{Heap after GC invocations=3 (full 0):
 garbage-first heap   total 518144K, used 15429K [0x000000060a400000, 0x0000000800000000)
  region size 2048K, 1 young (2048K), 1 survivors (2048K)
 Metaspace       used 10266K, capacity 11138K, committed 11520K, reserved 1058816K
  class space    used 1070K, capacity 1192K, committed 1280K, reserved 1048576K
}
Event: 1.051 GC heap before
{Heap before GC invocations=3 (full 0):
 garbage-first heap   total 518144K, used 66629K [0x000000060a400000, 0x0000000800000000)
  region size 2048K, 26 young (53248K), 1 survivors (2048K)
 Metaspace       used 14284K, capacity 15170K, committed 15488K, reserved 1062912K
  class space    used 1527K, capacity 1640K, committed 1664K, reserved 1048576K
}
Event: 1.055 GC heap after
{Heap after GC invocations=4 (full 0):
 garbage-first heap   total 518144K, used 15838K [0x000000060a400000, 0x0000000800000000)
  region size 2048K, 2 young (4096K), 2 survivors (4096K)
 Metaspace       used 14284K, capacity 15170K, committed 15488K, reserved 1062912K
  class space    used 1527K, capacity 1640K, committed 1664K, reserved 1048576K
}
Event: 181.756 GC heap before
{Heap before GC invocations=4 (full 0):
 garbage-first heap   total 518144K, used 101854K [0x000000060a400000, 0x0000000800000000)
  region size 2048K, 44 young (90112K), 2 survivors (4096K)
 Metaspace       used 20176K, capacity 20484K, committed 20864K, reserved 1069056K
  class space    used 2022K, capacity 2148K, committed 2176K, reserved 1048576K
}
Event: 181.769 GC heap after
{Heap after GC invocations=5 (full 0):
 garbage-first heap   total 679936K, used 16784K [0x000000060a400000, 0x0000000800000000)
  region size 2048K, 2 young (4096K), 2 survivors (4096K)
 Metaspace       used 20176K, capacity 20484K, committed 20864K, reserved 1069056K
  class space    used 2022K, capacity 2148K, committed 2176K, reserved 1048576K
}

